<?xml version="1.0" encoding="UTF-8"?>
<testng-results skipped="0" failed="0" total="1" passed="1">
  <reporter-output>
  </reporter-output>
  <suite name="Suite" duration-ms="12736" started-at="2021-09-16T08:14:45Z" finished-at="2021-09-16T08:14:57Z">
    <groups>
    </groups>
    <test name="Test" duration-ms="12736" started-at="2021-09-16T08:14:45Z" finished-at="2021-09-16T08:14:57Z">
      <class name="WebApp.FacebookAutomation.FBLoginTestCases.TestLoginPage">
        <test-method status="PASS" signature="init()[pri:0, instance:WebApp.FacebookAutomation.FBLoginTestCases.TestLoginPage@7e0babb1]" name="init" is-config="true" duration-ms="2825" started-at="2021-09-16T08:14:45Z" finished-at="2021-09-16T08:14:47Z">
          <reporter-output>
          </reporter-output>
        </test-method> <!-- init -->
        <test-method status="PASS" signature="testFacebookInvalidLogin()[pri:0, instance:WebApp.FacebookAutomation.FBLoginTestCases.TestLoginPage@7e0babb1]" name="testFacebookInvalidLogin" duration-ms="9896" started-at="2021-09-16T08:14:47Z" finished-at="2021-09-16T08:14:57Z">
          <reporter-output>
          </reporter-output>
        </test-method> <!-- testFacebookInvalidLogin -->
      </class> <!-- WebApp.FacebookAutomation.FBLoginTestCases.TestLoginPage -->
    </test> <!-- Test -->
  </suite> <!-- Suite -->
</testng-results>
